<?xml version="1.0" encoding="UTF-8"?>
<!-- Generated by org.testng.reporters.JUnitReportReporter -->
<testsuite hostname="ASUS-PC" name="Demo.TestNGExcelConcept" tests="1" failures="0" timestamp="17 Jun 2020 19:18:45 GMT" time="2.170" errors="0">
  <testcase name="testMethod" time="2.170" classname="Demo.TestNGExcelConcept"/>
</testsuite> <!-- Demo.TestNGExcelConcept -->
