<?xml version="1.0" encoding="UTF-8"?>
<!-- Generated by org.testng.reporters.JUnitReportReporter -->
<testsuite hostname="ASUS-PC" name="Demo.ExcelColorConcept" tests="1" failures="0" timestamp="15 Jun 2020 20:34:27 GMT" time="2.652" errors="0">
  <testcase name="setData" time="2.652" classname="Demo.ExcelColorConcept"/>
</testsuite> <!-- Demo.ExcelColorConcept -->
