<?xml version="1.0" encoding="UTF-8"?>
<!-- Generated by org.testng.reporters.JUnitReportReporter -->
<testsuite skipped="0" hostname="ASUS-PC" name="Demo.DemoTest" tests="1" failures="0" timestamp="11 Jun 2020 20:01:46 GMT" time="0.016" errors="0">
  <testcase name="message" time="0.016" classname="Demo.DemoTest"/>
</testsuite> <!-- Demo.DemoTest -->
